[2021-01-18 11:20:57] local.ERROR: Please provide a valid cache path. {"exception":"[object] (InvalidArgumentException(code: 0): Please provide a valid cache path. at C:\\Users\\Clawc\\Documents\\B2-informatique\\Projet_Web\\Projet_WebBDD_B2\\vendor\\laravel\\framework\\src\\Illuminate\\View\\Compilers\\Compiler.php:36)
[stacktrace]
#0 C:\\Users\\Clawc\\Documents\\B2-informatique\\Projet_Web\\Projet_WebBDD_B2\\vendor\\laravel\\framework\\src\\Illuminate\\View\\ViewServiceProvider.php(88): Illuminate\\View\\Compilers\\Compiler->__construct(Object(Illuminate\\Filesystem\\Filesystem), false)
#1 C:\\Users\\Clawc\\Documents\\B2-informatique\\Projet_Web\\Projet_WebBDD_B2\\vendor\\laravel\\framework\\src\\Illuminate\\Container\\Container.php(826): Illuminate\\View\\ViewServiceProvider->Illuminate\\View\\{closure}(Object(Illuminate\\Foundation\\Application), Array)
#2 C:\\Users\\Clawc\\Documents\\B2-informatique\\Projet_Web\\Projet_WebBDD_B2\\vendor\\laravel\\framework\\src\\Illuminate\\Container\\Container.php(712): Illuminate\\Container\\Container->build(Object(Closure))
#3 C:\\Users\\Clawc\\Documents\\B2-informatique\\Projet_Web\\Projet_WebBDD_B2\\vendor\\laravel\\framework\\src\\Illuminate\\Foundation\\Application.php(796): Illuminate\\Container\\Container->resolve('blade.compiler', Array, true)
#4 C:\\Users\\Clawc\\Documents\\B2-informatique\\Projet_Web\\Projet_WebBDD_B2\\vendor\\laravel\\framework\\src\\Illuminate\\Container\\Container.php(651): Illuminate\\Foundation\\Application->resolve('blade.compiler', Array)
#5 C:\\Users\\Clawc\\Documents\\B2-informatique\\Projet_Web\\Projet_WebBDD_B2\\vendor\\laravel\\framework\\src\\Illuminate\\Foundation\\Application.php(781): Illuminate\\Container\\Container->make('blade.compiler', Array)
#6 C:\\Users\\Clawc\\Documents\\B2-informatique\\Projet_Web\\Projet_WebBDD_B2\\vendor\\laravel\\framework\\src\\Illuminate\\Container\\Container.php(1354): Illuminate\\Foundation\\Application->make('blade.compiler')
#7 C:\\Users\\Clawc\\Documents\\B2-informatique\\Projet_Web\\Projet_WebBDD_B2\\vendor\\laravel\\framework\\src\\Illuminate\\View\\ViewServiceProvider.php(150): Illuminate\\Container\\Container->offsetGet('blade.compiler')
#8 [internal function]: Illuminate\\View\\ViewServiceProvider->Illuminate\\View\\{closure}()
#9 C:\\Users\\Clawc\\Documents\\B2-informatique\\Projet_Web\\Projet_WebBDD_B2\\vendor\\laravel\\framework\\src\\Illuminate\\View\\Engines\\EngineResolver.php(55): call_user_func(Object(Closure))
#10 C:\\Users\\Clawc\\Documents\\B2-informatique\\Projet_Web\\Projet_WebBDD_B2\\vendor\\facade\\ignition\\src\\IgnitionServiceProvider.php(389): Illuminate\\View\\Engines\\EngineResolver->resolve('blade')
#11 C:\\Users\\Clawc\\Documents\\B2-informatique\\Projet_Web\\Projet_WebBDD_B2\\vendor\\facade\\ignition\\src\\IgnitionServiceProvider.php(125): Facade\\Ignition\\IgnitionServiceProvider->hasCustomViewEnginesRegistered()
#12 C:\\Users\\Clawc\\Documents\\B2-informatique\\Projet_Web\\Projet_WebBDD_B2\\vendor\\facade\\ignition\\src\\IgnitionServiceProvider.php(84): Facade\\Ignition\\IgnitionServiceProvider->registerViewEngines()
#13 C:\\Users\\Clawc\\Documents\\B2-informatique\\Projet_Web\\Projet_WebBDD_B2\\vendor\\laravel\\framework\\src\\Illuminate\\Container\\BoundMethod.php(36): Facade\\Ignition\\IgnitionServiceProvider->boot()
#14 C:\\Users\\Clawc\\Documents\\B2-informatique\\Projet_Web\\Projet_WebBDD_B2\\vendor\\laravel\\framework\\src\\Illuminate\\Container\\Util.php(40): Illuminate\\Container\\BoundMethod::Illuminate\\Container\\{closure}()
#15 C:\\Users\\Clawc\\Documents\\B2-informatique\\Projet_Web\\Projet_WebBDD_B2\\vendor\\laravel\\framework\\src\\Illuminate\\Container\\BoundMethod.php(93): Illuminate\\Container\\Util::unwrapIfClosure(Object(Closure))
#16 C:\\Users\\Clawc\\Documents\\B2-informatique\\Projet_Web\\Projet_WebBDD_B2\\vendor\\laravel\\framework\\src\\Illuminate\\Container\\BoundMethod.php(37): Illuminate\\Container\\BoundMethod::callBoundMethod(Object(Illuminate\\Foundation\\Application), Array, Object(Closure))
#17 C:\\Users\\Clawc\\Documents\\B2-informatique\\Projet_Web\\Projet_WebBDD_B2\\vendor\\laravel\\framework\\src\\Illuminate\\Container\\Container.php(610): Illuminate\\Container\\BoundMethod::call(Object(Illuminate\\Foundation\\Application), Array, Array, NULL)
#18 C:\\Users\\Clawc\\Documents\\B2-informatique\\Projet_Web\\Projet_WebBDD_B2\\vendor\\laravel\\framework\\src\\Illuminate\\Foundation\\Application.php(869): Illuminate\\Container\\Container->call(Array)
#19 C:\\Users\\Clawc\\Documents\\B2-informatique\\Projet_Web\\Projet_WebBDD_B2\\vendor\\laravel\\framework\\src\\Illuminate\\Foundation\\Application.php(850): Illuminate\\Foundation\\Application->bootProvider(Object(Facade\\Ignition\\IgnitionServiceProvider))
#20 [internal function]: Illuminate\\Foundation\\Application->Illuminate\\Foundation\\{closure}(Object(Facade\\Ignition\\IgnitionServiceProvider), 14)
#21 C:\\Users\\Clawc\\Documents\\B2-informatique\\Projet_Web\\Projet_WebBDD_B2\\vendor\\laravel\\framework\\src\\Illuminate\\Foundation\\Application.php(851): array_walk(Array, Object(Closure))
#22 C:\\Users\\Clawc\\Documents\\B2-informatique\\Projet_Web\\Projet_WebBDD_B2\\vendor\\laravel\\framework\\src\\Illuminate\\Foundation\\Bootstrap\\BootProviders.php(17): Illuminate\\Foundation\\Application->boot()
#23 C:\\Users\\Clawc\\Documents\\B2-informatique\\Projet_Web\\Projet_WebBDD_B2\\vendor\\laravel\\framework\\src\\Illuminate\\Foundation\\Application.php(230): Illuminate\\Foundation\\Bootstrap\\BootProviders->bootstrap(Object(Illuminate\\Foundation\\Application))
#24 C:\\Users\\Clawc\\Documents\\B2-informatique\\Projet_Web\\Projet_WebBDD_B2\\vendor\\laravel\\framework\\src\\Illuminate\\Foundation\\Console\\Kernel.php(310): Illuminate\\Foundation\\Application->bootstrapWith(Array)
#25 C:\\Users\\Clawc\\Documents\\B2-informatique\\Projet_Web\\Projet_WebBDD_B2\\vendor\\laravel\\framework\\src\\Illuminate\\Foundation\\Console\\Kernel.php(127): Illuminate\\Foundation\\Console\\Kernel->bootstrap()
#26 C:\\Users\\Clawc\\Documents\\B2-informatique\\Projet_Web\\Projet_WebBDD_B2\\artisan(37): Illuminate\\Foundation\\Console\\Kernel->handle(Object(Symfony\\Component\\Console\\Input\\ArgvInput), Object(Symfony\\Component\\Console\\Output\\ConsoleOutput))
#27 {main}
"} 
[2021-01-18 11:31:14] local.ERROR: Database (laravel) does not exist. (SQL: PRAGMA foreign_keys = ON;) {"exception":"[object] (Illuminate\\Database\\QueryException(code: 0): Database (laravel) does not exist. (SQL: PRAGMA foreign_keys = ON;) at C:\\Users\\Clawc\\Documents\\B2-informatique\\Projet_Web\\Projet_WebBDD_B2\\vendor\\laravel\\framework\\src\\Illuminate\\Database\\Connection.php:678)
[stacktrace]
#0 C:\\Users\\Clawc\\Documents\\B2-informatique\\Projet_Web\\Projet_WebBDD_B2\\vendor\\laravel\\framework\\src\\Illuminate\\Database\\Connection.php(638): Illuminate\\Database\\Connection->runQueryCallback('PRAGMA foreign_...', Array, Object(Closure))
#1 C:\\Users\\Clawc\\Documents\\B2-informatique\\Projet_Web\\Projet_WebBDD_B2\\vendor\\laravel\\framework\\src\\Illuminate\\Database\\Connection.php(472): Illuminate\\Database\\Connection->run('PRAGMA foreign_...', Array, Object(Closure))
#2 C:\\Users\\Clawc\\Documents\\B2-informatique\\Projet_Web\\Projet_WebBDD_B2\\vendor\\laravel\\framework\\src\\Illuminate\\Database\\Schema\\Builder.php(313): Illuminate\\Database\\Connection->statement('PRAGMA foreign_...')
#3 C:\\Users\\Clawc\\Documents\\B2-informatique\\Projet_Web\\Projet_WebBDD_B2\\vendor\\laravel\\framework\\src\\Illuminate\\Database\\SQLiteConnection.php(37): Illuminate\\Database\\Schema\\Builder->enableForeignKeyConstraints()
#4 C:\\Users\\Clawc\\Documents\\B2-informatique\\Projet_Web\\Projet_WebBDD_B2\\vendor\\laravel\\framework\\src\\Illuminate\\Database\\Connectors\\ConnectionFactory.php(282): Illuminate\\Database\\SQLiteConnection->__construct(Object(Closure), 'laravel', '', Array)
#5 C:\\Users\\Clawc\\Documents\\B2-informatique\\Projet_Web\\Projet_WebBDD_B2\\vendor\\laravel\\framework\\src\\Illuminate\\Database\\Connectors\\ConnectionFactory.php(76): Illuminate\\Database\\Connectors\\ConnectionFactory->createConnection('sqlite', Object(Closure), 'laravel', '', Array)
#6 C:\\Users\\Clawc\\Documents\\B2-informatique\\Projet_Web\\Projet_WebBDD_B2\\vendor\\laravel\\framework\\src\\Illuminate\\Database\\Connectors\\ConnectionFactory.php(50): Illuminate\\Database\\Connectors\\ConnectionFactory->createSingleConnection(Array)
#7 C:\\Users\\Clawc\\Documents\\B2-informatique\\Projet_Web\\Projet_WebBDD_B2\\vendor\\laravel\\framework\\src\\Illuminate\\Database\\DatabaseManager.php(131): Illuminate\\Database\\Connectors\\ConnectionFactory->make(Array, 'sqlite')
#8 C:\\Users\\Clawc\\Documents\\B2-informatique\\Projet_Web\\Projet_WebBDD_B2\\vendor\\laravel\\framework\\src\\Illuminate\\Database\\DatabaseManager.php(86): Illuminate\\Database\\DatabaseManager->makeConnection('sqlite')
#9 C:\\Users\\Clawc\\Documents\\B2-informatique\\Projet_Web\\Projet_WebBDD_B2\\vendor\\laravel\\framework\\src\\Illuminate\\Database\\Migrations\\DatabaseMigrationRepository.php(211): Illuminate\\Database\\DatabaseManager->connection('sqlite')
#10 C:\\Users\\Clawc\\Documents\\B2-informatique\\Projet_Web\\Projet_WebBDD_B2\\vendor\\laravel\\framework\\src\\Illuminate\\Database\\Migrations\\DatabaseMigrationRepository.php(167): Illuminate\\Database\\Migrations\\DatabaseMigrationRepository->getConnection()
#11 C:\\Users\\Clawc\\Documents\\B2-informatique\\Projet_Web\\Projet_WebBDD_B2\\vendor\\laravel\\framework\\src\\Illuminate\\Database\\Migrations\\Migrator.php(608): Illuminate\\Database\\Migrations\\DatabaseMigrationRepository->repositoryExists()
#12 C:\\Users\\Clawc\\Documents\\B2-informatique\\Projet_Web\\Projet_WebBDD_B2\\vendor\\laravel\\framework\\src\\Illuminate\\Database\\Console\\Migrations\\MigrateCommand.php(106): Illuminate\\Database\\Migrations\\Migrator->repositoryExists()
#13 C:\\Users\\Clawc\\Documents\\B2-informatique\\Projet_Web\\Projet_WebBDD_B2\\vendor\\laravel\\framework\\src\\Illuminate\\Database\\Console\\Migrations\\MigrateCommand.php(77): Illuminate\\Database\\Console\\Migrations\\MigrateCommand->prepareDatabase()
#14 C:\\Users\\Clawc\\Documents\\B2-informatique\\Projet_Web\\Projet_WebBDD_B2\\vendor\\laravel\\framework\\src\\Illuminate\\Database\\Migrations\\Migrator.php(541): Illuminate\\Database\\Console\\Migrations\\MigrateCommand->Illuminate\\Database\\Console\\Migrations\\{closure}()
#15 C:\\Users\\Clawc\\Documents\\B2-informatique\\Projet_Web\\Projet_WebBDD_B2\\vendor\\laravel\\framework\\src\\Illuminate\\Database\\Console\\Migrations\\MigrateCommand.php(94): Illuminate\\Database\\Migrations\\Migrator->usingConnection(NULL, Object(Closure))
#16 C:\\Users\\Clawc\\Documents\\B2-informatique\\Projet_Web\\Projet_WebBDD_B2\\vendor\\laravel\\framework\\src\\Illuminate\\Container\\BoundMethod.php(36): Illuminate\\Database\\Console\\Migrations\\MigrateCommand->handle()
#17 C:\\Users\\Clawc\\Documents\\B2-informatique\\Projet_Web\\Projet_WebBDD_B2\\vendor\\laravel\\framework\\src\\Illuminate\\Container\\Util.php(40): Illuminate\\Container\\BoundMethod::Illuminate\\Container\\{closure}()
#18 C:\\Users\\Clawc\\Documents\\B2-informatique\\Projet_Web\\Projet_WebBDD_B2\\vendor\\laravel\\framework\\src\\Illuminate\\Container\\BoundMethod.php(93): Illuminate\\Container\\Util::unwrapIfClosure(Object(Closure))
#19 C:\\Users\\Clawc\\Documents\\B2-informatique\\Projet_Web\\Projet_WebBDD_B2\\vendor\\laravel\\framework\\src\\Illuminate\\Container\\BoundMethod.php(37): Illuminate\\Container\\BoundMethod::callBoundMethod(Object(Illuminate\\Foundation\\Application), Array, Object(Closure))
#20 C:\\Users\\Clawc\\Documents\\B2-informatique\\Projet_Web\\Projet_WebBDD_B2\\vendor\\laravel\\framework\\src\\Illuminate\\Container\\Container.php(610): Illuminate\\Container\\BoundMethod::call(Object(Illuminate\\Foundation\\Application), Array, Array, NULL)
#21 C:\\Users\\Clawc\\Documents\\B2-informatique\\Projet_Web\\Projet_WebBDD_B2\\vendor\\laravel\\framework\\src\\Illuminate\\Console\\Command.php(136): Illuminate\\Container\\Container->call(Array)
#22 C:\\Users\\Clawc\\Documents\\B2-informatique\\Projet_Web\\Projet_WebBDD_B2\\vendor\\symfony\\console\\Command\\Command.php(255): Illuminate\\Console\\Command->execute(Object(Symfony\\Component\\Console\\Input\\ArgvInput), Object(Illuminate\\Console\\OutputStyle))
#23 C:\\Users\\Clawc\\Documents\\B2-informatique\\Projet_Web\\Projet_WebBDD_B2\\vendor\\laravel\\framework\\src\\Illuminate\\Console\\Command.php(121): Symfony\\Component\\Console\\Command\\Command->run(Object(Symfony\\Component\\Console\\Input\\ArgvInput), Object(Illuminate\\Console\\OutputStyle))
#24 C:\\Users\\Clawc\\Documents\\B2-informatique\\Projet_Web\\Projet_WebBDD_B2\\vendor\\symfony\\console\\Application.php(971): Illuminate\\Console\\Command->run(Object(Symfony\\Component\\Console\\Input\\ArgvInput), Object(Symfony\\Component\\Console\\Output\\ConsoleOutput))
#25 C:\\Users\\Clawc\\Documents\\B2-informatique\\Projet_Web\\Projet_WebBDD_B2\\vendor\\symfony\\console\\Application.php(290): Symfony\\Component\\Console\\Application->doRunCommand(Object(Illuminate\\Database\\Console\\Migrations\\MigrateCommand), Object(Symfony\\Component\\Console\\Input\\ArgvInput), Object(Symfony\\Component\\Console\\Output\\ConsoleOutput))
#26 C:\\Users\\Clawc\\Documents\\B2-informatique\\Projet_Web\\Projet_WebBDD_B2\\vendor\\symfony\\console\\Application.php(166): Symfony\\Component\\Console\\Application->doRun(Object(Symfony\\Component\\Console\\Input\\ArgvInput), Object(Symfony\\Component\\Console\\Output\\ConsoleOutput))
#27 C:\\Users\\Clawc\\Documents\\B2-informatique\\Projet_Web\\Projet_WebBDD_B2\\vendor\\laravel\\framework\\src\\Illuminate\\Console\\Application.php(93): Symfony\\Component\\Console\\Application->run(Object(Symfony\\Component\\Console\\Input\\ArgvInput), Object(Symfony\\Component\\Console\\Output\\ConsoleOutput))
#28 C:\\Users\\Clawc\\Documents\\B2-informatique\\Projet_Web\\Projet_WebBDD_B2\\vendor\\laravel\\framework\\src\\Illuminate\\Foundation\\Console\\Kernel.php(129): Illuminate\\Console\\Application->run(Object(Symfony\\Component\\Console\\Input\\ArgvInput), Object(Symfony\\Component\\Console\\Output\\ConsoleOutput))
#29 C:\\Users\\Clawc\\Documents\\B2-informatique\\Projet_Web\\Projet_WebBDD_B2\\artisan(37): Illuminate\\Foundation\\Console\\Kernel->handle(Object(Symfony\\Component\\Console\\Input\\ArgvInput), Object(Symfony\\Component\\Console\\Output\\ConsoleOutput))
#30 {main}

[previous exception] [object] (InvalidArgumentException(code: 0): Database (laravel) does not exist. at C:\\Users\\Clawc\\Documents\\B2-informatique\\Projet_Web\\Projet_WebBDD_B2\\vendor\\laravel\\framework\\src\\Illuminate\\Database\\Connectors\\SQLiteConnector.php:34)
[stacktrace]
#0 C:\\Users\\Clawc\\Documents\\B2-informatique\\Projet_Web\\Projet_WebBDD_B2\\vendor\\laravel\\framework\\src\\Illuminate\\Database\\Connectors\\ConnectionFactory.php(222): Illuminate\\Database\\Connectors\\SQLiteConnector->connect(Array)
#1 [internal function]: Illuminate\\Database\\Connectors\\ConnectionFactory->Illuminate\\Database\\Connectors\\{closure}()
#2 C:\\Users\\Clawc\\Documents\\B2-informatique\\Projet_Web\\Projet_WebBDD_B2\\vendor\\laravel\\framework\\src\\Illuminate\\Database\\Connection.php(939): call_user_func(Object(Closure))
#3 C:\\Users\\Clawc\\Documents\\B2-informatique\\Projet_Web\\Projet_WebBDD_B2\\vendor\\laravel\\framework\\src\\Illuminate\\Database\\Connection.php(465): Illuminate\\Database\\Connection->getPdo()
#4 C:\\Users\\Clawc\\Documents\\B2-informatique\\Projet_Web\\Projet_WebBDD_B2\\vendor\\laravel\\framework\\src\\Illuminate\\Database\\Connection.php(671): Illuminate\\Database\\Connection->Illuminate\\Database\\{closure}('PRAGMA foreign_...', Array)
#5 C:\\Users\\Clawc\\Documents\\B2-informatique\\Projet_Web\\Projet_WebBDD_B2\\vendor\\laravel\\framework\\src\\Illuminate\\Database\\Connection.php(638): Illuminate\\Database\\Connection->runQueryCallback('PRAGMA foreign_...', Array, Object(Closure))
#6 C:\\Users\\Clawc\\Documents\\B2-informatique\\Projet_Web\\Projet_WebBDD_B2\\vendor\\laravel\\framework\\src\\Illuminate\\Database\\Connection.php(472): Illuminate\\Database\\Connection->run('PRAGMA foreign_...', Array, Object(Closure))
#7 C:\\Users\\Clawc\\Documents\\B2-informatique\\Projet_Web\\Projet_WebBDD_B2\\vendor\\laravel\\framework\\src\\Illuminate\\Database\\Schema\\Builder.php(313): Illuminate\\Database\\Connection->statement('PRAGMA foreign_...')
#8 C:\\Users\\Clawc\\Documents\\B2-informatique\\Projet_Web\\Projet_WebBDD_B2\\vendor\\laravel\\framework\\src\\Illuminate\\Database\\SQLiteConnection.php(37): Illuminate\\Database\\Schema\\Builder->enableForeignKeyConstraints()
#9 C:\\Users\\Clawc\\Documents\\B2-informatique\\Projet_Web\\Projet_WebBDD_B2\\vendor\\laravel\\framework\\src\\Illuminate\\Database\\Connectors\\ConnectionFactory.php(282): Illuminate\\Database\\SQLiteConnection->__construct(Object(Closure), 'laravel', '', Array)
#10 C:\\Users\\Clawc\\Documents\\B2-informatique\\Projet_Web\\Projet_WebBDD_B2\\vendor\\laravel\\framework\\src\\Illuminate\\Database\\Connectors\\ConnectionFactory.php(76): Illuminate\\Database\\Connectors\\ConnectionFactory->createConnection('sqlite', Object(Closure), 'laravel', '', Array)
#11 C:\\Users\\Clawc\\Documents\\B2-informatique\\Projet_Web\\Projet_WebBDD_B2\\vendor\\laravel\\framework\\src\\Illuminate\\Database\\Connectors\\ConnectionFactory.php(50): Illuminate\\Database\\Connectors\\ConnectionFactory->createSingleConnection(Array)
#12 C:\\Users\\Clawc\\Documents\\B2-informatique\\Projet_Web\\Projet_WebBDD_B2\\vendor\\laravel\\framework\\src\\Illuminate\\Database\\DatabaseManager.php(131): Illuminate\\Database\\Connectors\\ConnectionFactory->make(Array, 'sqlite')
#13 C:\\Users\\Clawc\\Documents\\B2-informatique\\Projet_Web\\Projet_WebBDD_B2\\vendor\\laravel\\framework\\src\\Illuminate\\Database\\DatabaseManager.php(86): Illuminate\\Database\\DatabaseManager->makeConnection('sqlite')
#14 C:\\Users\\Clawc\\Documents\\B2-informatique\\Projet_Web\\Projet_WebBDD_B2\\vendor\\laravel\\framework\\src\\Illuminate\\Database\\Migrations\\DatabaseMigrationRepository.php(211): Illuminate\\Database\\DatabaseManager->connection('sqlite')
#15 C:\\Users\\Clawc\\Documents\\B2-informatique\\Projet_Web\\Projet_WebBDD_B2\\vendor\\laravel\\framework\\src\\Illuminate\\Database\\Migrations\\DatabaseMigrationRepository.php(167): Illuminate\\Database\\Migrations\\DatabaseMigrationRepository->getConnection()
#16 C:\\Users\\Clawc\\Documents\\B2-informatique\\Projet_Web\\Projet_WebBDD_B2\\vendor\\laravel\\framework\\src\\Illuminate\\Database\\Migrations\\Migrator.php(608): Illuminate\\Database\\Migrations\\DatabaseMigrationRepository->repositoryExists()
#17 C:\\Users\\Clawc\\Documents\\B2-informatique\\Projet_Web\\Projet_WebBDD_B2\\vendor\\laravel\\framework\\src\\Illuminate\\Database\\Console\\Migrations\\MigrateCommand.php(106): Illuminate\\Database\\Migrations\\Migrator->repositoryExists()
#18 C:\\Users\\Clawc\\Documents\\B2-informatique\\Projet_Web\\Projet_WebBDD_B2\\vendor\\laravel\\framework\\src\\Illuminate\\Database\\Console\\Migrations\\MigrateCommand.php(77): Illuminate\\Database\\Console\\Migrations\\MigrateCommand->prepareDatabase()
#19 C:\\Users\\Clawc\\Documents\\B2-informatique\\Projet_Web\\Projet_WebBDD_B2\\vendor\\laravel\\framework\\src\\Illuminate\\Database\\Migrations\\Migrator.php(541): Illuminate\\Database\\Console\\Migrations\\MigrateCommand->Illuminate\\Database\\Console\\Migrations\\{closure}()
#20 C:\\Users\\Clawc\\Documents\\B2-informatique\\Projet_Web\\Projet_WebBDD_B2\\vendor\\laravel\\framework\\src\\Illuminate\\Database\\Console\\Migrations\\MigrateCommand.php(94): Illuminate\\Database\\Migrations\\Migrator->usingConnection(NULL, Object(Closure))
#21 C:\\Users\\Clawc\\Documents\\B2-informatique\\Projet_Web\\Projet_WebBDD_B2\\vendor\\laravel\\framework\\src\\Illuminate\\Container\\BoundMethod.php(36): Illuminate\\Database\\Console\\Migrations\\MigrateCommand->handle()
#22 C:\\Users\\Clawc\\Documents\\B2-informatique\\Projet_Web\\Projet_WebBDD_B2\\vendor\\laravel\\framework\\src\\Illuminate\\Container\\Util.php(40): Illuminate\\Container\\BoundMethod::Illuminate\\Container\\{closure}()
#23 C:\\Users\\Clawc\\Documents\\B2-informatique\\Projet_Web\\Projet_WebBDD_B2\\vendor\\laravel\\framework\\src\\Illuminate\\Container\\BoundMethod.php(93): Illuminate\\Container\\Util::unwrapIfClosure(Object(Closure))
#24 C:\\Users\\Clawc\\Documents\\B2-informatique\\Projet_Web\\Projet_WebBDD_B2\\vendor\\laravel\\framework\\src\\Illuminate\\Container\\BoundMethod.php(37): Illuminate\\Container\\BoundMethod::callBoundMethod(Object(Illuminate\\Foundation\\Application), Array, Object(Closure))
#25 C:\\Users\\Clawc\\Documents\\B2-informatique\\Projet_Web\\Projet_WebBDD_B2\\vendor\\laravel\\framework\\src\\Illuminate\\Container\\Container.php(610): Illuminate\\Container\\BoundMethod::call(Object(Illuminate\\Foundation\\Application), Array, Array, NULL)
#26 C:\\Users\\Clawc\\Documents\\B2-informatique\\Projet_Web\\Projet_WebBDD_B2\\vendor\\laravel\\framework\\src\\Illuminate\\Console\\Command.php(136): Illuminate\\Container\\Container->call(Array)
#27 C:\\Users\\Clawc\\Documents\\B2-informatique\\Projet_Web\\Projet_WebBDD_B2\\vendor\\symfony\\console\\Command\\Command.php(255): Illuminate\\Console\\Command->execute(Object(Symfony\\Component\\Console\\Input\\ArgvInput), Object(Illuminate\\Console\\OutputStyle))
#28 C:\\Users\\Clawc\\Documents\\B2-informatique\\Projet_Web\\Projet_WebBDD_B2\\vendor\\laravel\\framework\\src\\Illuminate\\Console\\Command.php(121): Symfony\\Component\\Console\\Command\\Command->run(Object(Symfony\\Component\\Console\\Input\\ArgvInput), Object(Illuminate\\Console\\OutputStyle))
#29 C:\\Users\\Clawc\\Documents\\B2-informatique\\Projet_Web\\Projet_WebBDD_B2\\vendor\\symfony\\console\\Application.php(971): Illuminate\\Console\\Command->run(Object(Symfony\\Component\\Console\\Input\\ArgvInput), Object(Symfony\\Component\\Console\\Output\\ConsoleOutput))
#30 C:\\Users\\Clawc\\Documents\\B2-informatique\\Projet_Web\\Projet_WebBDD_B2\\vendor\\symfony\\console\\Application.php(290): Symfony\\Component\\Console\\Application->doRunCommand(Object(Illuminate\\Database\\Console\\Migrations\\MigrateCommand), Object(Symfony\\Component\\Console\\Input\\ArgvInput), Object(Symfony\\Component\\Console\\Output\\ConsoleOutput))
#31 C:\\Users\\Clawc\\Documents\\B2-informatique\\Projet_Web\\Projet_WebBDD_B2\\vendor\\symfony\\console\\Application.php(166): Symfony\\Component\\Console\\Application->doRun(Object(Symfony\\Component\\Console\\Input\\ArgvInput), Object(Symfony\\Component\\Console\\Output\\ConsoleOutput))
#32 C:\\Users\\Clawc\\Documents\\B2-informatique\\Projet_Web\\Projet_WebBDD_B2\\vendor\\laravel\\framework\\src\\Illuminate\\Console\\Application.php(93): Symfony\\Component\\Console\\Application->run(Object(Symfony\\Component\\Console\\Input\\ArgvInput), Object(Symfony\\Component\\Console\\Output\\ConsoleOutput))
#33 C:\\Users\\Clawc\\Documents\\B2-informatique\\Projet_Web\\Projet_WebBDD_B2\\vendor\\laravel\\framework\\src\\Illuminate\\Foundation\\Console\\Kernel.php(129): Illuminate\\Console\\Application->run(Object(Symfony\\Component\\Console\\Input\\ArgvInput), Object(Symfony\\Component\\Console\\Output\\ConsoleOutput))
#34 C:\\Users\\Clawc\\Documents\\B2-informatique\\Projet_Web\\Projet_WebBDD_B2\\artisan(37): Illuminate\\Foundation\\Console\\Kernel->handle(Object(Symfony\\Component\\Console\\Input\\ArgvInput), Object(Symfony\\Component\\Console\\Output\\ConsoleOutput))
#35 {main}
"} 
